# JRE version: 7.0_15-b20
# Java VM: OpenJDK Client VM (23.7-b01 mixed mode, sharing linux-x86 )
Heap
 def new generation   total 4928K, used 2206K [0x6f780000, 0x6fcd0000, 0x7a220000)
  eden space 4416K,  38% used [0x6f780000, 0x6f9279b0, 0x6fbd0000)
  from space 512K, 100% used [0x6fc50000, 0x6fcd0000, 0x6fcd0000)
  to   space 512K,   0% used [0x6fbd0000, 0x6fbd0000, 0x6fc50000)
 tenured generation   total 10944K, used 1183K [0x7a220000, 0x7acd0000, 0x8f780000)
   the space 10944K,  10% used [0x7a220000, 0x7a347eb0, 0x7a348000, 0x7acd0000)
 compacting perm gen  total 12288K, used 1882K [0x8f780000, 0x90380000, 0x93780000)
   the space 12288K,  15% used [0x8f780000, 0x8f956818, 0x8f956a00, 0x90380000)
    ro space 10240K,  60% used [0x93780000, 0x93d92050, 0x93d92200, 0x94180000)
    rw space 12288K,  61% used [0x94180000, 0x948e80a0, 0x948e8200, 0x94d80000)
GC Heap History (6 events):
Event: 0,345 GC heap before
{Heap before GC invocations=0 (full 0):
 def new generation   total 4928K, used 4416K [0x6f780000, 0x6fcd0000, 0x7a220000)
  eden space 4416K, 100% used [0x6f780000, 0x6fbd0000, 0x6fbd0000)
  from space 512K,   0% used [0x6fbd0000, 0x6fbd0000, 0x6fc50000)
  to   space 512K,   0% used [0x6fc50000, 0x6fc50000, 0x6fcd0000)
 tenured generation   total 10944K, used 0K [0x7a220000, 0x7acd0000, 0x8f780000)
   the space 10944K,   0% used [0x7a220000, 0x7a220000, 0x7a220200, 0x7acd0000)
 compacting perm gen  total 12288K, used 675K [0x8f780000, 0x90380000, 0x93780000)
   the space 12288K,   5% used [0x8f780000, 0x8f828d38, 0x8f828e00, 0x90380000)
    ro space 10240K,  60% used [0x93780000, 0x93d92050, 0x93d92200, 0x94180000)
    rw space 12288K,  61% used [0x94180000, 0x948e80a0, 0x948e8200, 0x94d80000)
Event: 0,352 GC heap after
Heap after GC invocations=1 (full 0):
 def new generation   total 4928K, used 512K [0x6f780000, 0x6fcd0000, 0x7a220000)
  eden space 4416K,   0% used [0x6f780000, 0x6f780000, 0x6fbd0000)
  from space 512K, 100% used [0x6fc50000, 0x6fcd0000, 0x6fcd0000)
  to   space 512K,   0% used [0x6fbd0000, 0x6fbd0000, 0x6fc50000)
 tenured generation   total 10944K, used 450K [0x7a220000, 0x7acd0000, 0x8f780000)
   the space 10944K,   4% used [0x7a220000, 0x7a290900, 0x7a290a00, 0x7acd0000)
 compacting perm gen  total 12288K, used 675K [0x8f780000, 0x90380000, 0x93780000)
   the space 12288K,   5% used [0x8f780000, 0x8f828d38, 0x8f828e00, 0x90380000)
    ro space 10240K,  60% used [0x93780000, 0x93d92050, 0x93d92200, 0x94180000)
    rw space 12288K,  61% used [0x94180000, 0x948e80a0, 0x948e8200, 0x94d80000)
}
Event: 0,528 GC heap before
{Heap before GC invocations=1 (full 0):
 def new generation   total 4928K, used 4928K [0x6f780000, 0x6fcd0000, 0x7a220000)
  eden space 4416K, 100% used [0x6f780000, 0x6fbd0000, 0x6fbd0000)
  from space 512K, 100% used [0x6fc50000, 0x6fcd0000, 0x6fcd0000)
  to   space 512K,   0% used [0x6fbd0000, 0x6fbd0000, 0x6fc50000)
 tenured generation   total 10944K, used 450K [0x7a220000, 0x7acd0000, 0x8f780000)
   the space 10944K,   4% used [0x7a220000, 0x7a290900, 0x7a290a00, 0x7acd0000)
 compacting perm gen  total 12288K, used 1210K [0x8f780000, 0x90380000, 0x93780000)
   the space 12288K,   9% used [0x8f780000, 0x8f8ae838, 0x8f8aea00, 0x90380000)
    ro space 10240K,  60% used [0x93780000, 0x93d92050, 0x93d92200, 0x94180000)
    rw space 12288K,  61% used [0x94180000, 0x948e80a0, 0x948e8200, 0x94d80000)
Event: 0,535 GC heap after
Heap after GC invocations=2 (full 0):
 def new generation   total 4928K, used 512K [0x6f780000, 0x6fcd0000, 0x7a220000)
  eden space 4416K,   0% used [0x6f780000, 0x6f780000, 0x6fbd0000)
  from space 512K, 100% used [0x6fbd0000, 0x6fc50000, 0x6fc50000)
  to   space 512K,   0% used [0x6fc50000, 0x6fc50000, 0x6fcd0000)
 tenured generation   total 10944K, used 989K [0x7a220000, 0x7acd0000, 0x8f780000)
   the space 10944K,   9% used [0x7a220000, 0x7a317560, 0x7a317600, 0x7acd0000)
 compacting perm gen  total 12288K, used 1210K [0x8f780000, 0x90380000, 0x93780000)
   the space 12288K,   9% used [0x8f780000, 0x8f8ae838, 0x8f8aea00, 0x90380000)
    ro space 10240K,  60% used [0x93780000, 0x93d92050, 0x93d92200, 0x94180000)
    rw space 12288K,  61% used [0x94180000, 0x948e80a0, 0x948e8200, 0x94d80000)
}
Event: 0,768 GC heap before
{Heap before GC invocations=2 (full 0):
 def new generation   total 4928K, used 4928K [0x6f780000, 0x6fcd0000, 0x7a220000)
  eden space 4416K, 100% used [0x6f780000, 0x6fbd0000, 0x6fbd0000)
  from space 512K, 100% used [0x6fbd0000, 0x6fc50000, 0x6fc50000)
  to   space 512K,   0% used [0x6fc50000, 0x6fc50000, 0x6fcd0000)
 tenured generation   total 10944K, used 989K [0x7a220000, 0x7acd0000, 0x8f780000)
   the space 10944K,   9% used [0x7a220000, 0x7a317560, 0x7a317600, 0x7acd0000)
 compacting perm gen  total 12288K, used 1737K [0x8f780000, 0x90380000, 0x93780000)
   the space 12288K,  14% used [0x8f780000, 0x8f9326e8, 0x8f932800, 0x90380000)
    ro space 10240K,  60% used [0x93780000, 0x93d92050, 0x93d92200, 0x94180000)
    rw space 12288K,  61% used [0x94180000, 0x948e80a0, 0x948e8200, 0x94d80000)
Event: 0,774 GC heap after
Heap after GC invocations=3 (full 0):
 def new generation   total 4928K, used 512K [0x6f780000, 0x6fcd0000, 0x7a220000)
  eden space 4416K,   0% used [0x6f780000, 0x6f780000, 0x6fbd0000)
  from space 512K, 100% used [0x6fc50000, 0x6fcd0000, 0x6fcd0000)
  to   space 512K,   0% used [0x6fbd0000, 0x6fbd0000, 0x6fc50000)
 tenured generation   total 10944K, used 1183K [0x7a220000, 0x7acd0000, 0x8f780000)
   the space 10944K,  10% used [0x7a220000, 0x7a347eb0, 0x7a348000, 0x7acd0000)
 compacting perm gen  total 12288K, used 1737K [0x8f780000, 0x90380000, 0x93780000)
   the space 12288K,  14% used [0x8f780000, 0x8f9326e8, 0x8f932800, 0x90380000)
    ro space 10240K,  60% used [0x93780000, 0x93d92050, 0x93d92200, 0x94180000)
    rw space 12288K,  61% used [0x94180000, 0x948e80a0, 0x948e8200, 0x94d80000)
}

